<?xml version="1.0" encoding="UTF-8" ?>
<testsuite errors="0" failures="0" hostname="vmi402294" name="pac1Test.AllTests" skipped="0" tests="12" time="2.411" timestamp="2020-11-19T14:30:40">
  <properties>
[...]
</properties>
  <testcase classname="pac1Test.ActeursTest" name="testSolution" time="0.008" />
  <testcase classname="pac1Test.ActeursTest" name="testLogiciel" time="0.0" />
  <testcase classname="pac1Test.ActeursTest" name="testUser" time="0.001" />
  <testcase classname="pac1Test.ActeursTest" name="testBulletin" time="0.0" />
  <testcase classname="pac1Test.ActeursTest" name="testPerimetre" time="0.0" />
  <testcase classname="pac1Test.ModelTest" name="testModel_logiciel" time="0.183" />
  <testcase classname="pac1Test.ModelTest" name="testModel_bulletin" time="0.141" />
  <testcase classname="pac1Test.ModelTest" name="testModelperimetre_solution" time="0.319" />
  <testcase classname="pac1Test.ModelTest" name="testModelperimetre_user" time="0.238" />
  <testcase classname="pac1Test.ModelTest" name="testModelperimetre" time="0.101" />
  <testcase classname="pac1Test.ModelTest" name="testModel_user" time="0.063" />
  <testcase classname="pac1Test.ModelTest" name="testModel_solution" time="0.093" />
  <system-out><![CDATA[Java
!connexion établie !!!
!connexion établie !!!
!connexion établie !!!
!connexion établie !!!
!connexion établie !!!
!connexion établie !!!
!connexion établie !!!
!connexion établie !!!
!connexion établie !!!
!connexion établie !!!
!connexion établie !!!
!connexion établie !!!
!connexion établie !!!
!connexion établie !!!
!connexion établie !!!
1 | Acrobat
2 | Eclipse
3 | Adobe
4 | Android OS
5 | Apache
6 | Apple IOS
7 | Chrome
8 | Cisco
9 | Edge
10 | Firefox
11 | Flash Player
12 | Google
13 | Java

!connexion établie !!!
!connexion établie !!!
!connexion établie !!!
1 | bul
2 | test
3 | Vers

!connexion établie !!!
!connexion établie !!!
!connexion établie !!!
!connexion établie !!!
!connexion établie !!!
!connexion établie !!!
!connexion établie !!!
!connexion établie !!!
9 | 8
8 | 8
1 | 1
5 | 2

!connexion établie !!!
!connexion établie !!!
!connexion établie !!!
!connexion établie !!!
!connexion établie !!!
!connexion établie !!!
!connexion établie !!!
!connexion établie !!!
!connexion établie !!!
!connexion établie !!!
!connexion établie !!!
2 | 1
3 | 1
4 | 1

!connexion établie !!!
!connexion établie !!!
!connexion établie !!!
!connexion établie !!!
!connexion établie !!!
!connexion établie !!!
!connexion établie !!!
!connexion établie !!!
!connexion établie !!!
1 | 1
5 | 3
4 | 1
2 | 1

!connexion établie !!!
!connexion établie !!!
!connexion établie !!!
!connexion établie !!!
!connexion établie !!!
Emy Burgaud
Lucien O

!connexion établie !!!
!connexion établie !!!
!connexion établie !!!
5 | Je suis solution
4 | Solution en tant que user
3 | test id bulleint 2
1 | Je suis solution

!connexion établie !!!
!connexion établie !!!
!connexion établie !!!
!connexion établie !!!
!connexion établie !!!
]]></system-out>
  <system-err><![CDATA[]]></system-err>
</testsuite>
